<?xml version="1.0" encoding="UTF-8"?>
<testsuites>
    <testsuite name="force.apex" timestamp="2019-11-13T15:46:59+03:00" hostname="https://cats-inna-dev-ed.my.salesforce.com" tests="1" failures="1"  errors="0"  time="1.42">
        <properties>
            <property name="outcome" value="Failed"/>
            <property name="testsRan" value="1"/>
            <property name="passing" value="0"/>
            <property name="failing" value="1"/>
            <property name="skipped" value="0"/>
            <property name="passRate" value="0%"/>
            <property name="failRate" value="100%"/>
            <property name="testStartTime" value="Nov 13, 2019 3:46 PM"/>
            <property name="testExecutionTime" value="1.42 s"/>
            <property name="testTotalTime" value="1.42 s"/>
            <property name="commandTime" value="10.02 s"/>
            <property name="hostname" value="https://cats-inna-dev-ed.my.salesforce.com"/>
            <property name="orgId" value="00D2p0000013mwyEAA"/>
            <property name="username" value="inna.stolyarova@vrp.dev.comnsulting.com"/>
            <property name="testRunId" value="7072p00007L81fG"/>
            <property name="userId" value="0052p000009LlzYAAS"/>
            <property name="testRunCoverage" value="73%"/>
            <property name="orgWideCoverage" value="30%"/>
        </properties>
        <testcase name="deleteWebOrderTest" classname="TestCopyOrders" time="1.42">
            <failure message="System.QueryException: List has no rows for assignment to SObject"><![CDATA[Class.TestCopyOrders.deleteWebOrderTest: line 114, column 1]]></failure>
        </testcase>
    </testsuite>
</testsuites>
