<?xml version="1.0" encoding="UTF-8"?>
<testsuites>
    <testsuite name="force.apex" timestamp="2019-11-14T14:20:43+03:00" hostname="https://cats-inna-dev-ed.my.salesforce.com" tests="1" failures="1"  errors="0"  time="0.48">
        <properties>
            <property name="outcome" value="Failed"/>
            <property name="testsRan" value="1"/>
            <property name="passing" value="0"/>
            <property name="failing" value="1"/>
            <property name="skipped" value="0"/>
            <property name="passRate" value="0%"/>
            <property name="failRate" value="100%"/>
            <property name="testStartTime" value="Nov 14, 2019 2:20 PM"/>
            <property name="testExecutionTime" value="0.48 s"/>
            <property name="testTotalTime" value="0.48 s"/>
            <property name="commandTime" value="4.07 s"/>
            <property name="hostname" value="https://cats-inna-dev-ed.my.salesforce.com"/>
            <property name="orgId" value="00D2p0000013mwyEAA"/>
            <property name="username" value="inna.stolyarova@vrp.dev.comnsulting.com"/>
            <property name="testRunId" value="7072p00007L8eWr"/>
            <property name="userId" value="0052p000009LlzYAAS"/>
            <property name="testRunCoverage" value="71%"/>
            <property name="orgWideCoverage" value="33%"/>
        </properties>
        <testcase name="addWebOrderTest" classname="TestCopyOrders" time="0.48">
            <failure message="System.SObjectException: SObject row was retrieved via SOQL without querying the requested field: Web_Order__c.Name"><![CDATA[Class.TestCopyOrders.addWebOrderTest: line 73, column 1]]></failure>
        </testcase>
    </testsuite>
</testsuites>
