<?xml version="1.0" encoding="UTF-8"?>
<testsuites>
    <testsuite name="force.apex" timestamp="2019-11-12T15:36:41+03:00" hostname="https://cats-inna-dev-ed.my.salesforce.com" tests="1" failures="0"  errors="0"  time="1.47">
        <properties>
            <property name="outcome" value="Passed"/>
            <property name="testsRan" value="1"/>
            <property name="passing" value="1"/>
            <property name="failing" value="0"/>
            <property name="skipped" value="0"/>
            <property name="passRate" value="100%"/>
            <property name="failRate" value="0%"/>
            <property name="testStartTime" value="Nov 12, 2019 3:36 PM"/>
            <property name="testExecutionTime" value="1.47 s"/>
            <property name="testTotalTime" value="1.47 s"/>
            <property name="commandTime" value="4.41 s"/>
            <property name="hostname" value="https://cats-inna-dev-ed.my.salesforce.com"/>
            <property name="orgId" value="00D2p0000013mwyEAA"/>
            <property name="username" value="inna.stolyarova@vrp.dev.comnsulting.com"/>
            <property name="testRunId" value="7072p00007Jd1JY"/>
            <property name="userId" value="0052p000009LlzYAAS"/>
            <property name="testRunCoverage" value="75%"/>
            <property name="orgWideCoverage" value="30%"/>
        </properties>
        <testcase name="addWebOrderTest" classname="TestCopyOrders" time="1.47">
        </testcase>
    </testsuite>
</testsuites>
