<?xml version="1.0" encoding="UTF-8"?>
<testsuites>
    <testsuite name="force.apex" timestamp="2019-08-29T13:30:29+03:00" hostname="https://efficiency-inspiration-8299-dev-ed.cs102.my.salesforce.com/" tests="1" failures="1"  errors="0"  time="1.06">
        <properties>
            <property name="outcome" value="Failed"/>
            <property name="testsRan" value="1"/>
            <property name="passing" value="0"/>
            <property name="failing" value="1"/>
            <property name="skipped" value="0"/>
            <property name="passRate" value="0%"/>
            <property name="failRate" value="100%"/>
            <property name="testStartTime" value="Aug 29, 2019 1:30 PM"/>
            <property name="testExecutionTime" value="1.06 s"/>
            <property name="testTotalTime" value="1.06 s"/>
            <property name="commandTime" value="13.62 s"/>
            <property name="hostname" value="https://efficiency-inspiration-8299-dev-ed.cs102.my.salesforce.com/"/>
            <property name="orgId" value="00D1j0000000TebEAE"/>
            <property name="username" value="test-o2pamexq65qp@example.com"/>
            <property name="testRunId" value="7071j00000TbFQq"/>
            <property name="userId" value="0051j000001zCRHAA2"/>
            <property name="testRunCoverage" value="52%"/>
            <property name="orgWideCoverage" value="50%"/>
        </properties>
        <testcase name="TestAddOpportunity" classname="TestCopyOrders" time="1.06">
            <failure message="System.DmlException: Insert failed. First exception on row 0; first error: CANNOT_INSERT_UPDATE_ACTIVATE_ENTITY, OpportunityCopyTrigger: execution of AfterInsert

caused by: System.ListException: Before Insert or Upsert list must not have two identically equal elements

Class.HandlerOpportunityWebOrder.AddWebOrderFromOpporunity: line 21, column 1
Trigger.OpportunityCopyTrigger: line 3, column 1: []"><![CDATA[Class.TestCopyOrders.TestAddOpportunity: line 20, column 1]]></failure>
        </testcase>
    </testsuite>
</testsuites>
