<?xml version="1.0" encoding="UTF-8"?>
<testsuites>
    <testsuite name="force.apex" timestamp="2019-11-12T17:35:25+03:00" hostname="https://cats-inna-dev-ed.my.salesforce.com" tests="1" failures="1"  errors="0"  time="0.9">
        <properties>
            <property name="outcome" value="Failed"/>
            <property name="testsRan" value="1"/>
            <property name="passing" value="0"/>
            <property name="failing" value="1"/>
            <property name="skipped" value="0"/>
            <property name="passRate" value="0%"/>
            <property name="failRate" value="100%"/>
            <property name="testStartTime" value="Nov 12, 2019 5:35 PM"/>
            <property name="testExecutionTime" value="0.9 s"/>
            <property name="testTotalTime" value="0.9 s"/>
            <property name="commandTime" value="4.63 s"/>
            <property name="hostname" value="https://cats-inna-dev-ed.my.salesforce.com"/>
            <property name="orgId" value="00D2p0000013mwyEAA"/>
            <property name="username" value="inna.stolyarova@vrp.dev.comnsulting.com"/>
            <property name="testRunId" value="7072p00007Jd5wZ"/>
            <property name="userId" value="0052p000009LlzYAAS"/>
            <property name="testRunCoverage" value="75%"/>
            <property name="orgWideCoverage" value="31%"/>
        </properties>
        <testcase name="updateWebOrderTest" classname="TestCopyOrders" time="0.9">
            <failure message="System.QueryException: List has no rows for assignment to SObject"><![CDATA[Class.TestCopyOrders.updateWebOrderTest: line 63, column 1]]></failure>
        </testcase>
    </testsuite>
</testsuites>
